[debug] [2025-11-01T22:47:32.703Z] ----------------------------------------------------------------------
[debug] [2025-11-01T22:47:32.708Z] Command:       C:\Program Files\nodejs\node.exe C:\Users\lener\AppData\Roaming\npm\node_modules\firebase-tools\lib\bin\firebase.js init hosting
[debug] [2025-11-01T22:47:32.708Z] CLI Version:   14.23.0
[debug] [2025-11-01T22:47:32.709Z] Platform:      win32
[debug] [2025-11-01T22:47:32.709Z] Node Version:  v20.14.0
[debug] [2025-11-01T22:47:32.709Z] Time:          Sat Nov 01 2025 16:47:32 GMT-0600 (hora estándar central)
[debug] [2025-11-01T22:47:32.709Z] ----------------------------------------------------------------------
[debug] 
[info] 
     ######## #### ########  ######## ########     ###     ######  ########
     ##        ##  ##     ## ##       ##     ##  ##   ##  ##       ##
     ######    ##  ########  ######   ########  #########  ######  ######
     ##        ##  ##    ##  ##       ##     ## ##     ##       ## ##
     ##       #### ##     ## ######## ########  ##     ##  ######  ########

You're about to initialize a Firebase project in this directory:

  C:\Users\lener\Desktop\POSys\Posys

Before we get started, keep in mind:

  * You are initializing within an existing Firebase project directory

[info] 
=== Project Setup
[info] 
[info] First, let's associate this project directory with a Firebase project.
[info] You can create multiple project aliases by running firebase use --add, 
[info] 
[debug] [2025-11-01T22:47:36.987Z] > command requires scopes: ["email","openid","https://www.googleapis.com/auth/cloudplatformprojects.readonly","https://www.googleapis.com/auth/firebase","https://www.googleapis.com/auth/cloud-platform"]
[debug] [2025-11-01T22:47:36.987Z] > authorizing via signed-in user (lgonsand@gmail.com)
[debug] [2025-11-01T22:47:36.988Z] Checked if tokens are valid: true, expires at: 1762040571956
[debug] [2025-11-01T22:47:36.989Z] Checked if tokens are valid: true, expires at: 1762040571956
[debug] [2025-11-01T22:47:36.991Z] >>> [apiv2][query] GET https://firebase.googleapis.com/v1beta1/projects/posys-103de [none]
[debug] [2025-11-01T22:47:37.484Z] <<< [apiv2][status] GET https://firebase.googleapis.com/v1beta1/projects/posys-103de 200
[debug] [2025-11-01T22:47:37.484Z] <<< [apiv2][body] GET https://firebase.googleapis.com/v1beta1/projects/posys-103de {"projectId":"posys-103de","projectNumber":"401054148688","displayName":"POSYS","name":"projects/posys-103de","resources":{"hostingSite":"posys-103de"},"state":"ACTIVE","etag":"1_34a6335d-8b72-41eb-b726-0f89ba1864dc"}
[info] i  Using project posys-103de (POSYS) . 
[info] 
=== Hosting Setup
[debug] [2025-11-01T22:47:37.492Z] Checked if tokens are valid: true, expires at: 1762040571956
[debug] [2025-11-01T22:47:37.493Z] Checked if tokens are valid: true, expires at: 1762040571956
[debug] [2025-11-01T22:47:37.493Z] >>> [apiv2][query] GET https://firebase.googleapis.com/v1beta1/projects/posys-103de [none]
[debug] [2025-11-01T22:47:37.806Z] <<< [apiv2][status] GET https://firebase.googleapis.com/v1beta1/projects/posys-103de 200
[debug] [2025-11-01T22:47:37.807Z] <<< [apiv2][body] GET https://firebase.googleapis.com/v1beta1/projects/posys-103de {"projectId":"posys-103de","projectNumber":"401054148688","displayName":"POSYS","name":"projects/posys-103de","resources":{"hostingSite":"posys-103de"},"state":"ACTIVE","etag":"1_34a6335d-8b72-41eb-b726-0f89ba1864dc"}
[info] 
[info] Your public directory is the folder (relative to your project directory) that
[info] will contain Hosting assets to be uploaded with firebase deploy. If you
[info] have a build process for your assets, use your build's output directory.
[info] 
